<?xml version="1.0" encoding="UTF-8"?>
<!-- Generated by org.testng.reporters.JUnitXMLReporter -->
<testsuite hostname="DESKTOP-3R73L8V" ignored="0" name="OpenCart Tests" tests="27" failures="2" timestamp="2021-06-01T13:48:02 IST" time="626.68" errors="0">
  <testcase name="test_account_Registration" time="13.771" classname="testCases.TC_001_AccountRegistration"/>
  <testcase name="test_Login" time="17.451" classname="testCases.TC_002_Login"/>
  <testcase name="test_search" time="18.539" classname="testCases.TC_004Search"/>
  <testcase name="test_addcart" time="30.804" classname="testCases.TC_005_Addcart">
    <failure type="java.lang.AssertionError" message="expected [true] but found [false]">
      <![CDATA[java.lang.AssertionError: expected [true] but found [false]
at testCases.TC_005_Addcart.test_addcart(TC_005_Addcart.java:59)
at java.util.ArrayList.forEach(ArrayList.java:1259)
at java.util.concurrent.FutureTask.run(FutureTask.java:266)
at java.util.concurrent.ThreadPoolExecutor.runWorker(ThreadPoolExecutor.java:1149)
at java.util.concurrent.ThreadPoolExecutor$Worker.run(ThreadPoolExecutor.java:624)
at java.lang.Thread.run(Thread.java:748)
... Removed 22 stack frames]]>
    </failure>
  </testcase> <!-- test_addcart -->
  <testcase name="test_productcompare" time="19.081" classname="testCases.TC_006_ProductCompare"/>
  <testcase name="test_wishlist" time="32.334" classname="testCases.TC_007_WishList"/>
  <testcase name="test_productdisplay" time="20.726" classname="testCases.TC_008_ProductDisplayPage"/>
  <testcase name="test_forgotpassword" time="17.615" classname="testCases.TC_009_ForgotPassword"/>
  <testcase name="test_ShoppingCart" time="42.702" classname="testCases.TC_010_ShoppingCart"/>
  <testcase name="test_checkout" time="21.249" classname="testCases.TC_011_Checkout">
    <failure type="java.lang.AssertionError" message="expected [true] but found [false]">
      <![CDATA[java.lang.AssertionError: expected [true] but found [false]
at testCases.TC_011_Checkout.test_checkout(TC_011_Checkout.java:57)
at java.util.ArrayList.forEach(ArrayList.java:1259)
at java.util.concurrent.FutureTask.run(FutureTask.java:266)
at java.util.concurrent.ThreadPoolExecutor.runWorker(ThreadPoolExecutor.java:1149)
at java.util.concurrent.ThreadPoolExecutor$Worker.run(ThreadPoolExecutor.java:624)
at java.lang.Thread.run(Thread.java:748)
... Removed 22 stack frames]]>
    </failure>
  </testcase> <!-- test_checkout -->
  <testcase name="test_Myaccount" time="26.033" classname="testCases.TC_012_MyAccount"/>
  <testcase name="test_MyAccountInformation" time="18.667" classname="testCases.TC_013_MyAccountInformation"/>
  <testcase name="test_changepassword" time="22.548" classname="testCases.TC_014_ChangePassword"/>
  <testcase name="test_Addressbook" time="21.404" classname="testCases.TC_015_AddressBook"/>
  <testcase name="test_OrderHistory" time="15.23" classname="testCases.TC_016_OderHistory"/>
  <testcase name="test_downloads" time="17.033" classname="testCases.TC_017_Downloads"/>
  <testcase name="test_RewardPoint" time="15.771" classname="testCases.TC_018_RewardPoints"/>
  <testcase name="test_Returns" time="15.304" classname="testCases.TC_019_Returns"/>
  <testcase name="test_transections" time="15.969" classname="testCases.TC_020_Transections"/>
  <testcase name="test_RecurringPayment" time="15.286" classname="testCases.TC_021_RecurringPayment"/>
  <testcase name="test_Newletter" time="23.929" classname="testCases.TC_022_Newsletter"/>
  <testcase name="test_Newletter" time="22.952" classname="testCases.TC_023_Affiliate"/>
  <testcase name="test_contactus" time="21.062" classname="testCases.TC_024_ContactUs"/>
  <testcase name="test_contactus" time="20.364" classname="testCases.TC_025_SpecialOffer"/>
  <testcase name="test_HeaderFooterMenuOptions" time="14.319" classname="testCases.TC_026_HeaderMenuFooterOptions"/>
  <testcase name="test_HeaderFooterMenuOptions" time="20.036" classname="testCases.TC_027_GiftCertificate"/>
  <testcase name="test_currency" time="14.249" classname="testCases.TC_028_Currency"/>
</testsuite> <!-- OpenCart Tests -->
